[besttipperonline.xyz/anna_punjabi.html]
[backblue.gif]
[fade.gif]
[index.html]
[besttipperonline.xyz/css/font-awesome.min.css]
[besttipperonline.xyz/assets/vendor/bootstrap/css/bootstrap.min.css]
[cdnjs.cloudflare.com/ajax/libs/font-awesome/5.15.3/css/all.min.css]
[besttipperonline.xyz/assets/vendor/bootstrap-icons/bootstrap-icons.css]
[stackpath.bootstrapcdn.com/bootstrap/4.5.2/css/bootstrap.min.css]
[besttipperonline.xyz/assets/vendor/swiper/swiper-bundle.min.css]
[besttipperonline.xyz/assets/vendor/glightbox/css/glightbox.min.7.delayed]
[besttipperonline.xyz/assets/vendor/aos/aos.css]
[kit.fontawesome.com/a076d05399.9.delayed]
[besttipperonline.xyz/style.css]
[besttipperonline.xyz/voice_effect.b.delayed]
[besttipperonline.xyz/top_tipper_bg.jpg]
[besttipperonline.xyz/assets/vendor/bootstrap/js/bootstrap.bundle.min.d.delayed]
[besttipperonline.xyz/assets/vendor/swiper/swiper-bundle.min.js]
[besttipperonline.xyz/assets/vendor/glightbox/js/glightbox.min.js]
[besttipperonline.xyz/assets/vendor/aos/aos.js]
[besttipperonline.xyz/assets/vendor/php-email-form/validate.js]
[besttipperonline.xyz/assets/js/main.js]
[besttipperonline.xyz/anna_punjabi.html]
[besttipperonline.xyz/css/font-awesome.min.html]
[cdnjs.cloudflare.com/ajax/libs/font-awesome/5.15.3/css/all.min.css]
[stackpath.bootstrapcdn.com/bootstrap/4.5.2/css/bootstrap.min.css]
[besttipperonline.xyz/assets/vendor/bootstrap/css/bootstrap.min.html]
[besttipperonline.xyz/assets/vendor/bootstrap-icons/bootstrap-icons.html]
[besttipperonline.xyz/assets/vendor/swiper/swiper-bundle.min.html]
[besttipperonline.xyz/assets/vendor/glightbox/css/glightbox.min.html]
[besttipperonline.xyz/assets/vendor/aos/aos.html]
[kit.fontawesome.com/a076d05399.html]
[besttipperonline.xyz/style.css]
[besttipperonline.xyz/voice_effect.html]
[besttipperonline.xyz/assets/vendor/bootstrap/js/bootstrap.bundle.min.html]
[besttipperonline.xyz/assets/vendor/swiper/swiper-bundle.min-2.html]
[besttipperonline.xyz/assets/vendor/glightbox/js/glightbox.min.html]
[besttipperonline.xyz/assets/vendor/aos/aos-2.html]
[besttipperonline.xyz/assets/vendor/php-email-form/validate.html]
[besttipperonline.xyz/assets/js/main.html]
